c:\users\konpa\onedrive\デスクトップ\hal\3年\gm31\11_gm31\11_gm31\debug\vc141.pdb
c:\users\konpa\onedrive\デスクトップ\hal\3年\gm31\11_gm31\11_gm31\debug\vc141.idb
c:\users\konpa\onedrive\デスクトップ\hal\3年\gm31\11_gm31\11_gm31\debug\sprite.obj
c:\users\konpa\onedrive\デスクトップ\hal\3年\gm31\11_gm31\11_gm31\debug\shader.obj
c:\users\konpa\onedrive\デスクトップ\hal\3年\gm31\11_gm31\11_gm31\debug\renderer.obj
c:\users\konpa\onedrive\デスクトップ\hal\3年\gm31\11_gm31\11_gm31\debug\polygon2d.obj
c:\users\konpa\onedrive\デスクトップ\hal\3年\gm31\11_gm31\11_gm31\debug\player.obj
c:\users\konpa\onedrive\デスクトップ\hal\3年\gm31\11_gm31\11_gm31\debug\manager.obj
c:\users\konpa\onedrive\デスクトップ\hal\3年\gm31\11_gm31\11_gm31\debug\main.obj
c:\users\konpa\onedrive\デスクトップ\hal\3年\gm31\11_gm31\11_gm31\debug\input.obj
c:\users\konpa\onedrive\デスクトップ\hal\3年\gm31\11_gm31\11_gm31\debug\game.obj
c:\users\konpa\onedrive\デスクトップ\hal\3年\gm31\11_gm31\11_gm31\debug\field.obj
c:\users\konpa\onedrive\デスクトップ\hal\3年\gm31\11_gm31\11_gm31\debug\cube.obj
c:\users\konpa\onedrive\デスクトップ\hal\3年\gm31\11_gm31\11_gm31\debug\createtexture.obj
c:\users\konpa\onedrive\デスクトップ\hal\3年\gm31\11_gm31\11_gm31\debug\camera.obj
c:\users\konpa\onedrive\デスクトップ\hal\3年\gm31\11_gm31\11_gm31\shader\unlittextureps.cso
c:\users\konpa\onedrive\デスクトップ\hal\3年\gm31\11_gm31\11_gm31\shader\unlittexturevs.cso
c:\users\konpa\onedrive\デスクトップ\hal\3年\gm31\11_gm31\11_gm31\shader\vertexlightingps.cso
c:\users\konpa\onedrive\デスクトップ\hal\3年\gm31\11_gm31\11_gm31\shader\vertexlightingvs.cso
c:\users\konpa\onedrive\デスクトップ\hal\3年\gm31\11_gm31\debug\11_gm31.pdb
c:\users\konpa\onedrive\デスクトップ\hal\3年\gm31\11_gm31\11_gm31\debug\11_gm31.tlog\cl.command.1.tlog
c:\users\konpa\onedrive\デスクトップ\hal\3年\gm31\11_gm31\11_gm31\debug\11_gm31.tlog\cl.read.1.tlog
c:\users\konpa\onedrive\デスクトップ\hal\3年\gm31\11_gm31\11_gm31\debug\11_gm31.tlog\cl.write.1.tlog
c:\users\konpa\onedrive\デスクトップ\hal\3年\gm31\11_gm31\11_gm31\debug\11_gm31.tlog\fxc.command.1.tlog
c:\users\konpa\onedrive\デスクトップ\hal\3年\gm31\11_gm31\11_gm31\debug\11_gm31.tlog\fxc.read.1.tlog
c:\users\konpa\onedrive\デスクトップ\hal\3年\gm31\11_gm31\11_gm31\debug\11_gm31.tlog\fxc.write.1.tlog
c:\users\konpa\onedrive\デスクトップ\hal\3年\gm31\11_gm31\11_gm31\debug\11_gm31.tlog\link-cvtres.read.1.tlog
c:\users\konpa\onedrive\デスクトップ\hal\3年\gm31\11_gm31\11_gm31\debug\11_gm31.tlog\link-cvtres.write.1.tlog
c:\users\konpa\onedrive\デスクトップ\hal\3年\gm31\11_gm31\11_gm31\debug\11_gm31.tlog\link-rc.read.1.tlog
c:\users\konpa\onedrive\デスクトップ\hal\3年\gm31\11_gm31\11_gm31\debug\11_gm31.tlog\link-rc.write.1.tlog
c:\users\konpa\onedrive\デスクトップ\hal\3年\gm31\11_gm31\11_gm31\debug\11_gm31.tlog\link.command.1.tlog
c:\users\konpa\onedrive\デスクトップ\hal\3年\gm31\11_gm31\11_gm31\debug\11_gm31.tlog\link.read.1.tlog
c:\users\konpa\onedrive\デスクトップ\hal\3年\gm31\11_gm31\11_gm31\debug\11_gm31.tlog\link.write.1.tlog
