c:\users\konpa\onedrive\デスクトップ\hal\3年\sp31\02_shaderproject\shaderproject\x64\debug\vc141.pdb
c:\users\konpa\onedrive\デスクトップ\hal\3年\sp31\02_shaderproject\shaderproject\x64\debug\vc141.idb
c:\users\konpa\onedrive\デスクトップ\hal\3年\sp31\02_shaderproject\shaderproject\x64\debug\sceneroot.obj
c:\users\konpa\onedrive\デスクトップ\hal\3年\sp31\02_shaderproject\shaderproject\x64\debug\texture.obj
c:\users\konpa\onedrive\デスクトップ\hal\3年\sp31\02_shaderproject\shaderproject\x64\debug\startup.obj
c:\users\konpa\onedrive\デスクトップ\hal\3年\sp31\02_shaderproject\shaderproject\x64\debug\sprite.obj
c:\users\konpa\onedrive\デスクトップ\hal\3年\sp31\02_shaderproject\shaderproject\x64\debug\shader.obj
c:\users\konpa\onedrive\デスクトップ\hal\3年\sp31\02_shaderproject\shaderproject\x64\debug\scenevisual.obj
c:\users\konpa\onedrive\デスクトップ\hal\3年\sp31\02_shaderproject\shaderproject\x64\debug\sceneshading.obj
c:\users\konpa\onedrive\デスクトップ\hal\3年\sp31\02_shaderproject\shaderproject\x64\debug\scenebase.obj
c:\users\konpa\onedrive\デスクトップ\hal\3年\sp31\02_shaderproject\shaderproject\x64\debug\movelight.obj
c:\users\konpa\onedrive\デスクトップ\hal\3年\sp31\02_shaderproject\shaderproject\x64\debug\model.obj
c:\users\konpa\onedrive\デスクトップ\hal\3年\sp31\02_shaderproject\shaderproject\x64\debug\main.obj
c:\users\konpa\onedrive\デスクトップ\hal\3年\sp31\02_shaderproject\shaderproject\x64\debug\geometory.obj
c:\users\konpa\onedrive\デスクトップ\hal\3年\sp31\02_shaderproject\shaderproject\x64\debug\meshbuffer.obj
c:\users\konpa\onedrive\デスクトップ\hal\3年\sp31\02_shaderproject\shaderproject\x64\debug\lightbase.obj
c:\users\konpa\onedrive\デスクトップ\hal\3年\sp31\02_shaderproject\shaderproject\x64\debug\input.obj
c:\users\konpa\onedrive\デスクトップ\hal\3年\sp31\02_shaderproject\shaderproject\x64\debug\directx.obj
c:\users\konpa\onedrive\デスクトップ\hal\3年\sp31\02_shaderproject\shaderproject\x64\debug\camerabase.obj
c:\users\konpa\onedrive\デスクトップ\hal\3年\sp31\02_shaderproject\shaderproject\x64\debug\cameradcc.obj
c:\users\konpa\onedrive\デスクトップ\hal\3年\sp31\02_shaderproject\shaderproject\x64\debug\scenebumpmap.obj
c:\users\konpa\onedrive\デスクトップ\hal\3年\sp31\01_shaderproject\shaderproject\x64\debug\vc141.pdb
c:\users\konpa\onedrive\デスクトップ\hal\3年\sp31\01_shaderproject\shaderproject\x64\debug\vc141.idb
c:\users\konpa\onedrive\デスクトップ\hal\3年\sp31\01_shaderproject\shaderproject\x64\debug\sceneroot.obj
c:\users\konpa\onedrive\デスクトップ\hal\3年\sp31\01_shaderproject\shaderproject\x64\debug\texture.obj
c:\users\konpa\onedrive\デスクトップ\hal\3年\sp31\01_shaderproject\shaderproject\x64\debug\startup.obj
c:\users\konpa\onedrive\デスクトップ\hal\3年\sp31\01_shaderproject\shaderproject\x64\debug\sprite.obj
c:\users\konpa\onedrive\デスクトップ\hal\3年\sp31\01_shaderproject\shaderproject\x64\debug\shader.obj
c:\users\konpa\onedrive\デスクトップ\hal\3年\sp31\01_shaderproject\shaderproject\x64\debug\scenevisual.obj
c:\users\konpa\onedrive\デスクトップ\hal\3年\sp31\01_shaderproject\shaderproject\x64\debug\sceneshading.obj
c:\users\konpa\onedrive\デスクトップ\hal\3年\sp31\01_shaderproject\shaderproject\x64\debug\scenebumpmap.obj
c:\users\konpa\onedrive\デスクトップ\hal\3年\sp31\01_shaderproject\shaderproject\x64\debug\scenebase.obj
c:\users\konpa\onedrive\デスクトップ\hal\3年\sp31\01_shaderproject\shaderproject\x64\debug\movelight.obj
c:\users\konpa\onedrive\デスクトップ\hal\3年\sp31\01_shaderproject\shaderproject\x64\debug\model.obj
c:\users\konpa\onedrive\デスクトップ\hal\3年\sp31\01_shaderproject\shaderproject\x64\debug\main.obj
c:\users\konpa\onedrive\デスクトップ\hal\3年\sp31\01_shaderproject\shaderproject\x64\debug\geometory.obj
c:\users\konpa\onedrive\デスクトップ\hal\3年\sp31\01_shaderproject\shaderproject\x64\debug\meshbuffer.obj
c:\users\konpa\onedrive\デスクトップ\hal\3年\sp31\01_shaderproject\shaderproject\x64\debug\lightbase.obj
c:\users\konpa\onedrive\デスクトップ\hal\3年\sp31\01_shaderproject\shaderproject\x64\debug\input.obj
c:\users\konpa\onedrive\デスクトップ\hal\3年\sp31\01_shaderproject\shaderproject\x64\debug\directx.obj
c:\users\konpa\onedrive\デスクトップ\hal\3年\sp31\01_shaderproject\shaderproject\x64\debug\camerabase.obj
c:\users\konpa\onedrive\デスクトップ\hal\3年\sp31\01_shaderproject\shaderproject\x64\debug\cameradcc.obj
c:\users\konpa\onedrive\デスクトップ\hal\3年\sp31\02_shaderproject\shaderproject\x64\debug\scenepostprocess.obj
c:\users\konpa\onedrive\デスクトップ\hal\3年\sp31\02_shaderproject\shaderproject\assets\shader\ps_dissolve.cso
c:\users\konpa\onedrive\デスクトップ\hal\3年\sp31\02_shaderproject\shaderproject\assets\shader\ps_distancefog.cso
c:\users\konpa\onedrive\デスクトップ\hal\3年\sp31\02_shaderproject\shaderproject\assets\shader\ps_gouraudshading.cso
c:\users\konpa\onedrive\デスクトップ\hal\3年\sp31\02_shaderproject\shaderproject\assets\shader\ps_heightfog.cso
c:\users\konpa\onedrive\デスクトップ\hal\3年\sp31\02_shaderproject\shaderproject\assets\shader\ps_limlight.cso
c:\users\konpa\onedrive\デスクトップ\hal\3年\sp31\02_shaderproject\shaderproject\assets\shader\ps_moss.cso
c:\users\konpa\onedrive\デスクトップ\hal\3年\sp31\02_shaderproject\shaderproject\assets\shader\ps_phongshading.cso
c:\users\konpa\onedrive\デスクトップ\hal\3年\sp31\02_shaderproject\shaderproject\assets\shader\ps_polarcoordinate.cso
c:\users\konpa\onedrive\デスクトップ\hal\3年\sp31\02_shaderproject\shaderproject\assets\shader\ps_screenuv.cso
c:\users\konpa\onedrive\デスクトップ\hal\3年\sp31\02_shaderproject\shaderproject\assets\shader\ps_specular.cso
c:\users\konpa\onedrive\デスクトップ\hal\3年\sp31\02_shaderproject\shaderproject\assets\shader\ps_texcolor.cso
c:\users\konpa\onedrive\デスクトップ\hal\3年\sp31\02_shaderproject\shaderproject\assets\shader\vs_gouraudshading.cso
c:\users\konpa\onedrive\デスクトップ\hal\3年\sp31\02_shaderproject\shaderproject\assets\shader\vs_object.cso
c:\users\konpa\onedrive\デスクトップ\hal\3年\sp31\02_shaderproject\shaderproject\assets\shader\vs_screenposition.cso
c:\users\konpa\onedrive\デスクトップ\hal\3年\sp31\02_shaderproject\shaderproject\assets\shader\vs_worldposition.cso
c:\users\konpa\onedrive\デスクトップ\hal\3年\sp31\02_shaderproject\shaderproject\assets\shader\ps_parallaxmapping.cso
c:\users\konpa\onedrive\デスクトップ\hal\3年\sp31\02_shaderproject\shaderproject\assets\shader\ps_bumpmap.cso
c:\users\konpa\onedrive\デスクトップ\hal\3年\sp31\02_shaderproject\shaderproject\assets\shader\vs_bumpmap.cso
c:\users\konpa\onedrive\デスクトップ\hal\3年\sp31\02_shaderproject\shaderproject\assets\shader\ps_parallaxocclusion.cso
c:\users\konpa\onedrive\デスクトップ\hal\3年\sp31\01_shaderproject\shaderproject\assets\shader\ps_bumpmap.cso
c:\users\konpa\onedrive\デスクトップ\hal\3年\sp31\01_shaderproject\shaderproject\assets\shader\ps_dissolve.cso
c:\users\konpa\onedrive\デスクトップ\hal\3年\sp31\01_shaderproject\shaderproject\assets\shader\ps_distancefog.cso
c:\users\konpa\onedrive\デスクトップ\hal\3年\sp31\01_shaderproject\shaderproject\assets\shader\ps_gouraudshading.cso
c:\users\konpa\onedrive\デスクトップ\hal\3年\sp31\01_shaderproject\shaderproject\assets\shader\ps_heightfog.cso
c:\users\konpa\onedrive\デスクトップ\hal\3年\sp31\01_shaderproject\shaderproject\assets\shader\ps_limlight.cso
c:\users\konpa\onedrive\デスクトップ\hal\3年\sp31\01_shaderproject\shaderproject\assets\shader\ps_moss.cso
c:\users\konpa\onedrive\デスクトップ\hal\3年\sp31\01_shaderproject\shaderproject\assets\shader\ps_parallaxmapping.cso
c:\users\konpa\onedrive\デスクトップ\hal\3年\sp31\01_shaderproject\shaderproject\assets\shader\ps_parallaxocclusion.cso
c:\users\konpa\onedrive\デスクトップ\hal\3年\sp31\01_shaderproject\shaderproject\assets\shader\ps_phongshading.cso
c:\users\konpa\onedrive\デスクトップ\hal\3年\sp31\01_shaderproject\shaderproject\assets\shader\ps_polarcoordinate.cso
c:\users\konpa\onedrive\デスクトップ\hal\3年\sp31\01_shaderproject\shaderproject\assets\shader\ps_screenuv.cso
c:\users\konpa\onedrive\デスクトップ\hal\3年\sp31\01_shaderproject\shaderproject\assets\shader\ps_specular.cso
c:\users\konpa\onedrive\デスクトップ\hal\3年\sp31\01_shaderproject\shaderproject\assets\shader\ps_texcolor.cso
c:\users\konpa\onedrive\デスクトップ\hal\3年\sp31\01_shaderproject\shaderproject\assets\shader\vs_bumpmap.cso
c:\users\konpa\onedrive\デスクトップ\hal\3年\sp31\01_shaderproject\shaderproject\assets\shader\vs_gouraudshading.cso
c:\users\konpa\onedrive\デスクトップ\hal\3年\sp31\01_shaderproject\shaderproject\assets\shader\vs_object.cso
c:\users\konpa\onedrive\デスクトップ\hal\3年\sp31\01_shaderproject\shaderproject\assets\shader\vs_screenposition.cso
c:\users\konpa\onedrive\デスクトップ\hal\3年\sp31\01_shaderproject\shaderproject\assets\shader\vs_worldposition.cso
c:\users\konpa\onedrive\デスクトップ\hal\3年\sp31\01_shaderproject\x64\debug\shaderproject.exe
c:\users\konpa\onedrive\デスクトップ\hal\3年\sp31\01_shaderproject\x64\debug\shaderproject.ilk
c:\users\konpa\onedrive\デスクトップ\hal\3年\sp31\01_shaderproject\x64\debug\shaderproject.pdb
c:\users\konpa\onedrive\デスクトップ\hal\3年\sp31\02_shaderproject\x64\debug\shaderproject.exe
c:\users\konpa\onedrive\デスクトップ\hal\3年\sp31\02_shaderproject\x64\debug\shaderproject.ilk
c:\users\konpa\onedrive\デスクトップ\hal\3年\sp31\02_shaderproject\x64\debug\shaderproject.pdb
c:\users\konpa\onedrive\デスクトップ\hal\3年\sp31\02_shaderproject\shaderproject\x64\debug\shaderproject.tlog\cl.command.1.tlog
c:\users\konpa\onedrive\デスクトップ\hal\3年\sp31\02_shaderproject\shaderproject\x64\debug\shaderproject.tlog\cl.read.1.tlog
c:\users\konpa\onedrive\デスクトップ\hal\3年\sp31\02_shaderproject\shaderproject\x64\debug\shaderproject.tlog\cl.write.1.tlog
c:\users\konpa\onedrive\デスクトップ\hal\3年\sp31\02_shaderproject\shaderproject\x64\debug\shaderproject.tlog\fxc.command.1.tlog
c:\users\konpa\onedrive\デスクトップ\hal\3年\sp31\02_shaderproject\shaderproject\x64\debug\shaderproject.tlog\fxc.read.1.tlog
c:\users\konpa\onedrive\デスクトップ\hal\3年\sp31\02_shaderproject\shaderproject\x64\debug\shaderproject.tlog\fxc.write.1.tlog
c:\users\konpa\onedrive\デスクトップ\hal\3年\sp31\02_shaderproject\shaderproject\x64\debug\shaderproject.tlog\link.command.1.tlog
c:\users\konpa\onedrive\デスクトップ\hal\3年\sp31\02_shaderproject\shaderproject\x64\debug\shaderproject.tlog\link.read.1.tlog
c:\users\konpa\onedrive\デスクトップ\hal\3年\sp31\02_shaderproject\shaderproject\x64\debug\shaderproject.tlog\link.write.1.tlog
